/var/spool/slurmd/job901973/slurm_script: line 8: cd: vbind/src: No such file or directory
[93mMatching with 77193647 sRNA nucleotides and a PSTVd sequence of length 359. Maximum length of a nucleotide sequence is 50.[0m
[94mForward matchings:
[95m ......... 3% done, about 4655 minutes 33 seconds left[0m
[95m ......... 6% done, about 4209 minutes 50 seconds left[0m
[95m ......... 9% done, about 4311 minutes 32 seconds left[0m
[95m ......... 12% done, about 3739 minutes 52 seconds left[0m
[95m ......... 15% done, about 3960 minutes 33 seconds left[0m
[95m ......... 18% done, about 3634 minutes 46 seconds left[0m
[95m ......... 21% done, about 3480 minutes 40 seconds left[0m
[95m ......... 24% done, about 3031 minutes 57 seconds left[0m
[95m ......... 27% done, about 2872 minutes 33 seconds left[0m
[95m ......... 31% done, about 2696 minutes 31 seconds left[0m
[95m ......... 34% done, about 2533 minutes 1 seconds left[0m
[95m ......... 37% done, about 2356 minutes 31 seconds left[0m
[95m ......... 40% done, about 2200 minutes 19 seconds left[0m
[95m ......... 43% done, about 2039 minutes 45 seconds left[0m
[95m ......... 46% done, about 1882 minutes 49 seconds left[0m
[95m ......... 49% done, about 1759 minutes 16 seconds left[0m
[95m ......... 52% done, about 1735 minutes 47 seconds left[0m
[95m ......... 55% done, about 1479 minutes 0 seconds left[0m
[95m ......... 59% done, about 1351 minutes 27 seconds left[0m
[95m ......... 62% done, about 1220 minutes 50 seconds left[0m
[95m ......... 65% done, about 1097 minutes 58 seconds left[0m
[95m ......... 68% done, about 970 minutes 53 seconds left[0m
[95m ......... 71% done, about 857 minutes 1 seconds left[0m
[95m ......... 74% done, about 751 minutes 28 seconds left[0m
[95m ......... 77% done, about 644 minutes 26 seconds left[0m
[95m ......... 80% done, about 541 minutes 55 seconds left[0m
[95m ......... 83% done, about 441 minutes 16 seconds left[0m
[95m ......... 87% done, about 354 minutes 36 seconds left[0m
[95m ......... 90% done, about 262 minutes 21 seconds left[0m
[95m ......... 93% done, about 181 minutes 41 seconds left[0m
[95m ......... 96% done, about 95 minutes 36 seconds left[0m
[95m ......... 99% done, about 13 minutes 16 seconds left[0m
[95m ......... 100% done, about 0 minutes 0 seconds left[0m
[94mReverse matchings:
[95m ......... 3% done, about 4664 minutes 32 seconds left[0m
[95m ......... 6% done, about 4434 minutes 3 seconds left[0m
[95m ......... 9% done, about 3946 minutes 41 seconds left[0m
[95m ......... 12% done, about 3744 minutes 3 seconds left[0m
[95m ......... 15% done, about 3557 minutes 53 seconds left[0m
[95m ......... 18% done, about 3372 minutes 3 seconds left[0m
[95m ......... 21% done, about 3267 minutes 50 seconds left[0m
[95m ......... 24% done, about 3081 minutes 5 seconds left[0m
[95m ......... 27% done, about 3003 minutes 43 seconds left[0m
[95m ......... 31% done, about 2844 minutes 24 seconds left[0m
[95m ......... 34% done, about 2585 minutes 53 seconds left[0m
[95m ......... 37% done, about 2532 minutes 34 seconds left[0m
[95m ......... 40% done, about 2198 minutes 54 seconds left[0m
[95m ......... 43% done, about 2054 minutes 46 seconds left[0m
[95m ......... 46% done, about 1933 minutes 51 seconds left[0m
[95m ......... 49% done, about 1822 minutes 4 seconds left[0m
[95m ......... 52% done, about 1667 minutes 1 seconds left[0m
[95m ......... 55% done, about 1536 minutes 38 seconds left[0m
[95m ......... 59% done, about 1368 minutes 14 seconds left[0m
[95m ......... 62% done, about 1238 minutes 35 seconds left[0m
[95m ......... 65% done, about 1097 minutes 6 seconds left[0m
[95m ......... 68% done, about 976 minutes 20 seconds left[0m
[95m ......... 71% done, about 865 minutes 58 seconds left[0m
[95m ......... 74% done, about 755 minutes 21 seconds left[0m
[95m ......... 77% done, about 666 minutes 45 seconds left[0m
[95m ......... 80% done, about 574 minutes 45 seconds left[0m
[95m ......... 83% done, about 462 minutes 6 seconds left[0m
[95m ......... 87% done, about 369 minutes 45 seconds left[0m
[95m ......... 90% done, about 264 minutes 55 seconds left[0m
[95m ......... 93% done, about 174 minutes 39 seconds left[0m
[95m ......... 96% done, about 92 minutes 22 seconds left[0m
[95m ......... 99% done, about 12 minutes 44 seconds left[0m
[95m ......... 100% done, about 0 minutes 0 seconds left[0m
[92m_/ Matching was completed in 17994 seconds on each of 24 cores.[0m
[92mSummary:[0m
[92mLength	In pool	Foward	Reverse[0m
[92m16	2	0	0[0m
[92m17	65	0	0[0m
[92m18	91	0	0[0m
[92m19	3444	0	0[0m
[92m20	1191	0	0[0m
[92m21	1268	0	0[0m
[92m22	411278	0	0[0m
[92m23	632607	0	0[0m
[92m24	948817	0	0[0m
[92m25	705495	0	0[0m
[92m26	923628	0	0[0m
[92m27	1560188	0	0[0m
[92m28	2387161	0	0[0m
[92m29	12561522	0	0[0m
[92m30	8545534	0	0[0m
[92m31	8206087	0	0[0m
[92m32	35638226	0	0[0m
[92m33	1111659	0	0[0m
[92m34	193343	0	0[0m
[92m35	157220	0	0[0m
[92m36	146921	0	0[0m
[92m37	161252	0	0[0m
[92m38	182671	0	0[0m
[92m39	174430	0	0[0m
[92m40	200052	0	0[0m
[92m41	154490	0	0[0m
[92m42	157613	0	0[0m
[92m43	125272	0	0[0m
[92m44	161055	0	0[0m
[92m45	80989	0	0[0m
[92m46	85546	0	0[0m
[92m47	112335	0	0[0m
[92m48	183109	0	0[0m
[92m49	330706	0	0[0m
[92m50	948380	0	0[0m
[92m--------------[0m
[92mTotal:	77193647	0	0[0m
[93mSummary written to forward_matchings_IIIweekCtrl_S4_R1_001-TR.f_PSTVd_RG_tol0.txt and reverse_matchings_IIIweekCtrl_S4_R1_001-TR.f_PSTVd_RG_tol0.txt.[0m
