[93mMatching with 68994541 sRNA nucleotides and a PSTVd sequence of length 359. Maximum length of a nucleotide sequence is 50.[0m
[94mForward matchings:
[95m ......... 3% done, about 3548 minutes 31 seconds left[0m
[95m ......... 6% done, about 3358 minutes 47 seconds left[0m
[95m ......... 10% done, about 3217 minutes 52 seconds left[0m
[95m ......... 13% done, about 3067 minutes 59 seconds left[0m
[95m ......... 17% done, about 2815 minutes 30 seconds left[0m
[95m ......... 20% done, about 2694 minutes 32 seconds left[0m
[95m ......... 24% done, about 2497 minutes 35 seconds left[0m
[95m ......... 27% done, about 2311 minutes 26 seconds left[0m
[95m ......... 31% done, about 2205 minutes 40 seconds left[0m
[95m ......... 34% done, about 2064 minutes 9 seconds left[0m
[95m ......... 38% done, about 1871 minutes 36 seconds left[0m
[95m ......... 41% done, about 1753 minutes 21 seconds left[0m
[95m ......... 45% done, about 1609 minutes 26 seconds left[0m
[95m ......... 48% done, about 1486 minutes 6 seconds left[0m
[95m ......... 52% done, about 1353 minutes 58 seconds left[0m
[95m ......... 55% done, about 1222 minutes 20 seconds left[0m
[95m ......... 59% done, about 1114 minutes 53 seconds left[0m
[95m ......... 62% done, about 1005 minutes 41 seconds left[0m
[95m ......... 66% done, about 877 minutes 21 seconds left[0m
[95m ......... 69% done, about 767 minutes 34 seconds left[0m
[95m ......... 73% done, about 669 minutes 1 seconds left[0m
[95m ......... 76% done, about 573 minutes 58 seconds left[0m
[95m ......... 80% done, about 467 minutes 16 seconds left[0m
[95m ......... 83% done, about 375 minutes 46 seconds left[0m
[95m ......... 86% done, about 290 minutes 11 seconds left[0m
[95m ......... 90% done, about 207 minutes 41 seconds left[0m
[95m ......... 93% done, about 128 minutes 42 seconds left[0m
[95m ......... 97% done, about 54 minutes 3 seconds left[0m
[95m ......... 100% done, about 0 minutes 0 seconds left[0m
[94mReverse matchings:
[95m ......... 3% done, about 3528 minutes 54 seconds left[0m
[95m ......... 6% done, about 3324 minutes 52 seconds left[0m
[95m ......... 10% done, about 3142 minutes 56 seconds left[0m
[95m ......... 13% done, about 2983 minutes 50 seconds left[0m
[95m ......... 17% done, about 2822 minutes 32 seconds left[0m
[95m ......... 20% done, about 2656 minutes 43 seconds left[0m
[95m ......... 24% done, about 2478 minutes 13 seconds left[0m
[95m ......... 27% done, about 2320 minutes 3 seconds left[0m
[95m ......... 31% done, about 2183 minutes 53 seconds left[0m
[95m ......... 34% done, about 2019 minutes 50 seconds left[0m
[95m ......... 38% done, about 1891 minutes 14 seconds left[0m
[95m ......... 41% done, about 1763 minutes 14 seconds left[0m
[95m ......... 45% done, about 1616 minutes 40 seconds left[0m
[95m ......... 48% done, about 1504 minutes 42 seconds left[0m
[95m ......... 52% done, about 1353 minutes 20 seconds left[0m
[95m ......... 55% done, about 1232 minutes 30 seconds left[0m
[95m ......... 59% done, about 1105 minutes 41 seconds left[0m
[95m ......... 62% done, about 985 minutes 55 seconds left[0m
[95m ......... 66% done, about 876 minutes 9 seconds left[0m
[95m ......... 69% done, about 770 minutes 1 seconds left[0m
[95m ......... 73% done, about 671 minutes 19 seconds left[0m
[95m ......... 76% done, about 568 minutes 11 seconds left[0m
[95m ......... 80% done, about 466 minutes 40 seconds left[0m
[95m ......... 83% done, about 377 minutes 18 seconds left[0m
[95m ......... 86% done, about 289 minutes 8 seconds left[0m
[95m ......... 90% done, about 207 minutes 33 seconds left[0m
[95m ......... 93% done, about 128 minutes 16 seconds left[0m
[95m ......... 97% done, about 54 minutes 10 seconds left[0m
[95m ......... 100% done, about 0 minutes 0 seconds left[0m
[92m_/ Matching was completed in 14270 seconds on each of 24 cores.[0m
[92mSummary:[0m
[92mLength	In pool	Foward	Reverse[0m
[92m15	2	0	0[0m
[92m16	2	0	0[0m
[92m17	41	0	0[0m
[92m18	94	0	0[0m
[92m19	3092	0	0[0m
[92m20	1038	0	1[0m
[92m21	1110	0	1[0m
[92m22	656617	15	21[0m
[92m23	883109	39	43[0m
[92m24	1336380	58	37[0m
[92m25	1030053	54	37[0m
[92m26	963825	37	23[0m
[92m27	1509577	23	22[0m
[92m28	2300432	11	8[0m
[92m29	11449703	40	12[0m
[92m30	8058919	7	10[0m
[92m31	7427504	0	0[0m
[92m32	29251399	0	0[0m
[92m33	924179	0	0[0m
[92m34	172372	0	0[0m
[92m35	145568	0	0[0m
[92m36	146190	0	0[0m
[92m37	160492	0	0[0m
[92m38	218114	0	0[0m
[92m39	231465	0	0[0m
[92m40	242490	0	0[0m
[92m41	155247	0	0[0m
[92m42	154222	0	0[0m
[92m43	123293	0	0[0m
[92m44	152832	0	0[0m
[92m45	70824	0	0[0m
[92m46	74492	0	0[0m
[92m47	96645	1	0[0m
[92m48	148001	1	1[0m
[92m49	252140	1	1[0m
[92m50	653078	3	1[0m
[92m--------------[0m
[92mTotal:	68994541	290	218[0m
[93mSummary written to forward_matchings_IIIweekRDR_S6_R1_001-TR.f_PSTVd_RG_tol0.txt and reverse_matchings_IIIweekRDR_S6_R1_001-TR.f_PSTVd_RG_tol0.txt.[0m
