[93mMatching with 38757260 sRNA nucleotides and a PSTVd sequence of length 359. Maximum length of a nucleotide sequence is 50.[0m
[94mForward matchings:
[95m ......... 6% done, about 1194 minutes 57 seconds left[0m
[95m ......... 12% done, about 1088 minutes 55 seconds left[0m
[95m ......... 18% done, about 994 minutes 13 seconds left[0m
[95m ......... 24% done, about 893 minutes 43 seconds left[0m
[95m ......... 30% done, about 806 minutes 37 seconds left[0m
[95m ......... 37% done, about 701 minutes 17 seconds left[0m
[95m ......... 43% done, about 628 minutes 10 seconds left[0m
[95m ......... 49% done, about 530 minutes 14 seconds left[0m
[95m ......... 55% done, about 460 minutes 30 seconds left[0m
[95m ......... 61% done, about 380 minutes 29 seconds left[0m
[95m ......... 68% done, about 307 minutes 39 seconds left[0m
[95m ......... 74% done, about 262 minutes 19 seconds left[0m
[95m ......... 80% done, about 175 minutes 45 seconds left[0m
[95m ......... 86% done, about 113 minutes 30 seconds left[0m
[95m ......... 92% done, about 59 minutes 53 seconds left[0m
[95m ......... 98% done, about 8 minutes 3 seconds left[0m
[95m ......... 100% done, about 0 minutes 0 seconds left[0m
[94mReverse matchings:
[95m ......... 6% done, about 1216 minutes 38 seconds left[0m
[95m ......... 12% done, about 1104 minutes 26 seconds left[0m
[95m ......... 18% done, about 998 minutes 26 seconds left[0m
[95m ......... 24% done, about 892 minutes 49 seconds left[0m
[95m ......... 30% done, about 798 minutes 19 seconds left[0m
[95m ......... 37% done, about 710 minutes 25 seconds left[0m
[95m ......... 43% done, about 620 minutes 21 seconds left[0m
[95m ......... 49% done, about 540 minutes 18 seconds left[0m
[95m ......... 55% done, about 452 minutes 41 seconds left[0m
[95m ......... 61% done, about 380 minutes 33 seconds left[0m
[95m ......... 68% done, about 307 minutes 10 seconds left[0m
[95m ......... 74% done, about 238 minutes 29 seconds left[0m
[95m ......... 80% done, about 175 minutes 55 seconds left[0m
[95m ......... 86% done, about 116 minutes 6 seconds left[0m
[95m ......... 92% done, about 59 minutes 24 seconds left[0m
[95m ......... 98% done, about 8 minutes 11 seconds left[0m
[95m ......... 100% done, about 0 minutes 0 seconds left[0m
[92m_/ Matching was completed in 5397 seconds on each of 24 cores.[0m
[92mSummary:[0m
[92mLength	In pool	Foward	Reverse[0m
[92m15	1	0	0[0m
[92m16	1	0	0[0m
[92m17	23	0	0[0m
[92m18	50	0	0[0m
[92m19	1757	0	0[0m
[92m20	631	0	0[0m
[92m21	650	0	0[0m
[92m22	302641	7	7[0m
[92m23	452293	19	18[0m
[92m24	699828	23	16[0m
[92m25	459372	30	14[0m
[92m26	552561	14	11[0m
[92m27	905342	10	7[0m
[92m28	1357396	8	1[0m
[92m29	6514029	21	4[0m
[92m30	4742327	4	1[0m
[92m31	4286406	0	0[0m
[92m32	15999909	3	0[0m
[92m33	533331	0	0[0m
[92m34	114500	0	0[0m
[92m35	94642	0	0[0m
[92m36	90293	0	0[0m
[92m37	98188	0	0[0m
[92m38	122409	0	0[0m
[92m39	122033	0	0[0m
[92m40	131015	0	0[0m
[92m41	101332	0	0[0m
[92m42	112998	0	0[0m
[92m43	72952	0	0[0m
[92m44	82581	0	0[0m
[92m45	43415	0	0[0m
[92m46	45305	0	0[0m
[92m47	57014	0	0[0m
[92m48	85163	1	0[0m
[92m49	150501	0	0[0m
[92m50	424371	0	0[0m
[92m--------------[0m
[92mTotal:	38757260	140	79[0m
[93mSummary written to forward_matchings_IIIweekEV_S5_R1_001-TR.f_PSTVd_RG_tol0.txt and reverse_matchings_IIIweekEV_S5_R1_001-TR.f_PSTVd_RG_tol0.txt.[0m
