/var/spool/slurmd/job901969/slurm_script: line 8: cd: vbind/src/: No such file or directory
[93mMatching with 56624795 sRNA nucleotides and a PSTVd sequence of length 359. Maximum length of a nucleotide sequence is 50.[0m
[94mForward matchings:
[95m ......... 4% done, about 2413 minutes 50 seconds left[0m
[95m ......... 8% done, about 2280 minutes 40 seconds left[0m
[95m ......... 12% done, about 2131 minutes 55 seconds left[0m
[95m ......... 16% done, about 1983 minutes 36 seconds left[0m
[95m ......... 21% done, about 1877 minutes 45 seconds left[0m
[95m ......... 25% done, about 1726 minutes 45 seconds left[0m
[95m ......... 29% done, about 1605 minutes 17 seconds left[0m
[95m ......... 33% done, about 1473 minutes 41 seconds left[0m
[95m ......... 38% done, about 1355 minutes 5 seconds left[0m
[95m ......... 42% done, about 1213 minutes 21 seconds left[0m
[95m ......... 46% done, about 1088 minutes 17 seconds left[0m
[95m ......... 50% done, about 982 minutes 56 seconds left[0m
[95m ......... 55% done, about 877 minutes 51 seconds left[0m
[95m ......... 59% done, about 774 minutes 38 seconds left[0m
[95m ......... 63% done, about 677 minutes 13 seconds left[0m
[95m ......... 67% done, about 593 minutes 51 seconds left[0m
[95m ......... 72% done, about 499 minutes 24 seconds left[0m
[95m ......... 76% done, about 411 minutes 48 seconds left[0m
[95m ......... 80% done, about 329 minutes 46 seconds left[0m
[95m ......... 84% done, about 247 minutes 16 seconds left[0m
[95m ......... 89% done, about 172 minutes 17 seconds left[0m
[95m ......... 93% done, about 102 minutes 4 seconds left[0m
[95m ......... 97% done, about 36 minutes 39 seconds left[0m
[95m ......... 100% done, about 0 minutes 0 seconds left[0m
[94mReverse matchings:
[95m ......... 4% done, about 2419 minutes 32 seconds left[0m
[95m ......... 8% done, about 2363 minutes 41 seconds left[0m
[95m ......... 12% done, about 2161 minutes 36 seconds left[0m
[95m ......... 16% done, about 2009 minutes 50 seconds left[0m
[95m ......... 21% done, about 1858 minutes 59 seconds left[0m
[95m ......... 25% done, about 1717 minutes 54 seconds left[0m
[95m ......... 29% done, about 1586 minutes 22 seconds left[0m
[95m ......... 33% done, about 1451 minutes 43 seconds left[0m
[95m ......... 38% done, about 1372 minutes 41 seconds left[0m
[95m ......... 42% done, about 1237 minutes 44 seconds left[0m
[95m ......... 46% done, about 1098 minutes 59 seconds left[0m
[95m ......... 50% done, about 995 minutes 26 seconds left[0m
[95m ......... 55% done, about 890 minutes 45 seconds left[0m
[95m ......... 59% done, about 781 minutes 18 seconds left[0m
[95m ......... 63% done, about 688 minutes 54 seconds left[0m
[95m ......... 67% done, about 596 minutes 25 seconds left[0m
[95m ......... 72% done, about 498 minutes 44 seconds left[0m
[95m ......... 76% done, about 410 minutes 47 seconds left[0m
[95m ......... 80% done, about 330 minutes 41 seconds left[0m
[95m ......... 84% done, about 249 minutes 45 seconds left[0m
[95m ......... 89% done, about 174 minutes 32 seconds left[0m
[95m ......... 93% done, about 102 minutes 14 seconds left[0m
[95m ......... 97% done, about 36 minutes 34 seconds left[0m
[95m ......... 100% done, about 0 minutes 0 seconds left[0m
[92m_/ Matching was completed in 10165 seconds on each of 24 cores.[0m
[92mSummary:[0m
[92mLength	In pool	Foward	Reverse[0m
[92m16	3	0	0[0m
[92m17	33	0	0[0m
[92m18	59	0	0[0m
[92m19	2483	0	0[0m
[92m20	859	0	0[0m
[92m21	939	0	0[0m
[92m22	337985	1	5[0m
[92m23	569835	1	2[0m
[92m24	1157523	2	3[0m
[92m25	534350	7	2[0m
[92m26	719468	1	1[0m
[92m27	1372279	1	0[0m
[92m28	1843972	1	0[0m
[92m29	9826786	6	0[0m
[92m30	6941368	1	0[0m
[92m31	5164810	1	0[0m
[92m32	22701971	0	0[0m
[92m33	798007	0	0[0m
[92m34	167646	0	0[0m
[92m35	147396	0	0[0m
[92m36	144778	0	0[0m
[92m37	160009	1	0[0m
[92m38	205680	0	0[0m
[92m39	188472	0	0[0m
[92m40	271158	0	0[0m
[92m41	219687	0	0[0m
[92m42	302401	1	0[0m
[92m43	211204	0	0[0m
[92m44	219698	0	0[0m
[92m45	100480	0	0[0m
[92m46	110678	0	0[0m
[92m47	143764	0	0[0m
[92m48	261786	0	0[0m
[92m49	485969	1	0[0m
[92m50	1311259	1	1[0m
[92m--------------[0m
[92mTotal:	56624795	26	14[0m
[93mSummary written to forward_matchings_IIweekEV_S2_R1_001-TR.f_PSTVd_RG_tol0.txt and reverse_matchings_IIweekEV_S2_R1_001-TR.f_PSTVd_RG_tol0.txt.[0m
