/var/spool/slurmd/job901975/slurm_script: line 8: cd: vbind/src: No such file or directory
[93mMatching with 108017177 sRNA nucleotides and a PSTVd sequence of length 359. Maximum length of a nucleotide sequence is 50.[0m
[94mForward matchings:
[95m ......... 2% done, about 9423 minutes 34 seconds left[0m
[95m ......... 4% done, about 9282 minutes 31 seconds left[0m
[95m ......... 6% done, about 8977 minutes 12 seconds left[0m
[95m ......... 8% done, about 8351 minutes 33 seconds left[0m
[95m ......... 11% done, about 7936 minutes 20 seconds left[0m
[95m ......... 13% done, about 7636 minutes 5 seconds left[0m
[95m ......... 15% done, about 7475 minutes 39 seconds left[0m
[95m ......... 17% done, about 7073 minutes 11 seconds left[0m
[95m ......... 20% done, about 6790 minutes 51 seconds left[0m
[95m ......... 22% done, about 6605 minutes 59 seconds left[0m
[95m ......... 24% done, about 6353 minutes 15 seconds left[0m
[95m ......... 26% done, about 5984 minutes 44 seconds left[0m
[95m ......... 28% done, about 5849 minutes 57 seconds left[0m
[95m ......... 31% done, about 5537 minutes 53 seconds left[0m
[95m ......... 33% done, about 5335 minutes 37 seconds left[0m
[95m ......... 35% done, about 5058 minutes 30 seconds left[0m
[95m ......... 37% done, about 4866 minutes 36 seconds left[0m
[95m ......... 40% done, about 4655 minutes 20 seconds left[0m
[95m ......... 42% done, about 4386 minutes 15 seconds left[0m
[95m ......... 44% done, about 4112 minutes 43 seconds left[0m
[95m ......... 46% done, about 3900 minutes 54 seconds left[0m
[95m ......... 48% done, about 3774 minutes 4 seconds left[0m
[95m ......... 51% done, about 3536 minutes 3 seconds left[0m
[95m ......... 53% done, about 3389 minutes 27 seconds left[0m
[95m ......... 55% done, about 3194 minutes 23 seconds left[0m
[95m ......... 57% done, about 2984 minutes 28 seconds left[0m
[95m ......... 60% done, about 2788 minutes 25 seconds left[0m
[95m ......... 62% done, about 2532 minutes 17 seconds left[0m
[95m ......... 64% done, about 2342 minutes 48 seconds left[0m
[95m ......... 66% done, about 2185 minutes 6 seconds left[0m
[95m ......... 68% done, about 2026 minutes 19 seconds left[0m
[95m ......... 71% done, about 1906 minutes 19 seconds left[0m
[95m ......... 73% done, about 1712 minutes 39 seconds left[0m
[95m ......... 75% done, about 1568 minutes 18 seconds left[0m
[95m ......... 77% done, about 1381 minutes 29 seconds left[0m
[95m ......... 80% done, about 1200 minutes 42 seconds left[0m
[95m ......... 82% done, about 1059 minutes 30 seconds left[0m
[95m ......... 84% done, about 905 minutes 47 seconds left[0m
[95m ......... 86% done, about 777 minutes 18 seconds left[0m
[95m ......... 88% done, about 628 minutes 55 seconds left[0m
[95m ......... 91% done, about 503 minutes 17 seconds left[0m
[95m ......... 93% done, about 367 minutes 41 seconds left[0m
[95m ......... 95% done, about 241 minutes 29 seconds left[0m
[95m ......... 97% done, about 119 minutes 47 seconds left[0m
[95m ......... 100% done, about 0 minutes 0 seconds left[0m
[94mReverse matchings:
[95m ......... 2% done, about 8693 minutes 7 seconds left[0m
[95m ......... 4% done, about 8630 minutes 31 seconds left[0m
[95m ......... 6% done, about 8452 minutes 53 seconds left[0m
[95m ......... 8% done, about 8275 minutes 15 seconds left[0m
[95m ......... 11% done, about 7973 minutes 27 seconds left[0m
[95m ......... 13% done, about 7733 minutes 13 seconds left[0m
[95m ......... 15% done, about 7419 minutes 37 seconds left[0m
[95m ......... 17% done, about 7175 minutes 2 seconds left[0m
[95m ......... 20% done, about 6906 minutes 56 seconds left[0m
[95m ......... 22% done, about 6588 minutes 3 seconds left[0m
[95m ......... 24% done, about 6410 minutes 11 seconds left[0m
[95m ......... 26% done, about 6148 minutes 3 seconds left[0m
[95m ......... 28% done, about 5907 minutes 39 seconds left[0m
[95m ......... 31% done, about 5606 minutes 47 seconds left[0m
[95m ......... 33% done, about 5433 minutes 6 seconds left[0m
[95m ......... 35% done, about 5196 minutes 5 seconds left[0m
[95m ......... 37% done, about 4967 minutes 5 seconds left[0m
[95m ......... 40% done, about 4662 minutes 28 seconds left[0m
[95m ......... 42% done, about 4470 minutes 29 seconds left[0m
[95m ......... 44% done, about 4273 minutes 52 seconds left[0m
[95m ......... 46% done, about 3953 minutes 7 seconds left[0m
[95m ......... 48% done, about 3812 minutes 49 seconds left[0m
[95m ......... 51% done, about 3612 minutes 44 seconds left[0m
[95m ......... 53% done, about 3375 minutes 2 seconds left[0m
[95m ......... 55% done, about 3188 minutes 5 seconds left[0m
[95m ......... 57% done, about 3013 minutes 22 seconds left[0m
[95m ......... 60% done, about 2849 minutes 42 seconds left[0m
[95m ......... 62% done, about 2634 minutes 11 seconds left[0m
[95m ......... 64% done, about 2472 minutes 6 seconds left[0m
[95m ......... 66% done, about 2274 minutes 47 seconds left[0m
[95m ......... 68% done, about 2102 minutes 11 seconds left[0m
[95m ......... 71% done, about 1888 minutes 43 seconds left[0m
[95m ......... 73% done, about 1694 minutes 47 seconds left[0m
[95m ......... 75% done, about 1557 minutes 16 seconds left[0m
[95m ......... 77% done, about 1384 minutes 46 seconds left[0m
[95m ......... 80% done, about 1230 minutes 30 seconds left[0m
[95m ......... 82% done, about 1054 minutes 1 seconds left[0m
[95m ......... 84% done, about 942 minutes 11 seconds left[0m
[95m ......... 86% done, about 806 minutes 6 seconds left[0m
[95m ......... 88% done, about 648 minutes 29 seconds left[0m
[95m ......... 91% done, about 517 minutes 15 seconds left[0m
[95m ......... 93% done, about 382 minutes 49 seconds left[0m
[95m ......... 95% done, about 248 minutes 8 seconds left[0m
[95m ......... 97% done, about 121 minutes 42 seconds left[0m
[95m ......... 100% done, about 0 minutes 0 seconds left[0m
[92m_/ Matching was completed in 36657 seconds on each of 24 cores.[0m
[92mSummary:[0m
[92mLength	In pool	Foward	Reverse[0m
[92m16	4	0	0[0m
[92m17	91	0	0[0m
[92m18	144	0	0[0m
[92m19	4840	0	0[0m
[92m20	1637	0	0[0m
[92m21	1751	0	0[0m
[92m22	870312	0	0[0m
[92m23	1197266	0	0[0m
[92m24	2641266	0	0[0m
[92m25	1189485	0	0[0m
[92m26	1580487	0	0[0m
[92m27	2808678	0	0[0m
[92m28	3988863	0	0[0m
[92m29	19995532	0	0[0m
[92m30	14230664	0	0[0m
[92m31	10973445	0	0[0m
[92m32	42762703	0	0[0m
[92m33	1449613	0	0[0m
[92m34	274712	0	0[0m
[92m35	220893	0	0[0m
[92m36	217573	0	0[0m
[92m37	218927	0	0[0m
[92m38	244148	0	0[0m
[92m39	246861	0	0[0m
[92m40	350061	0	0[0m
[92m41	242925	0	0[0m
[92m42	273098	0	0[0m
[92m43	167673	0	0[0m
[92m44	185401	0	0[0m
[92m45	93687	0	0[0m
[92m46	93359	0	0[0m
[92m47	116859	0	0[0m
[92m48	182271	0	0[0m
[92m49	313509	0	0[0m
[92m50	878439	0	0[0m
[92m--------------[0m
[92mTotal:	108017177	0	0[0m
[93mSummary written to forward_matchings_IIweekCtrl_S1_R1_001-TR.f_PSTVd_RG_tol0.txt and reverse_matchings_IIweekCtrl_S1_R1_001-TR.f_PSTVd_RG_tol0.txt.[0m
