[93mMatching with 38757260 sRNA nucleotides and a PSTVd sequence of length 359. Maximum length of a nucleotide sequence is 50.[0m
[94mForward matchings:
[95m ......... 6% done, about 1171 minutes 8 seconds left[0m
[95m ......... 12% done, about 1061 minutes 53 seconds left[0m
[95m ......... 18% done, about 959 minutes 27 seconds left[0m
[95m ......... 24% done, about 867 minutes 8 seconds left[0m
[95m ......... 30% done, about 769 minutes 14 seconds left[0m
[95m ......... 37% done, about 680 minutes 16 seconds left[0m
[95m ......... 43% done, about 597 minutes 44 seconds left[0m
[95m ......... 49% done, about 516 minutes 27 seconds left[0m
[95m ......... 55% done, about 466 minutes 5 seconds left[0m
[95m ......... 61% done, about 364 minutes 40 seconds left[0m
[95m ......... 68% done, about 293 minutes 28 seconds left[0m
[95m ......... 74% done, about 231 minutes 19 seconds left[0m
[95m ......... 80% done, about 181 minutes 30 seconds left[0m
[95m ......... 86% done, about 110 minutes 20 seconds left[0m
[95m ......... 92% done, about 57 minutes 5 seconds left[0m
[95m ......... 98% done, about 7 minutes 57 seconds left[0m
[95m ......... 100% done, about 0 minutes 0 seconds left[0m
[94mReverse matchings:
[95m ......... 6% done, about 1177 minutes 11 seconds left[0m
[95m ......... 12% done, about 1072 minutes 48 seconds left[0m
[95m ......... 18% done, about 969 minutes 3 seconds left[0m
[95m ......... 24% done, about 874 minutes 18 seconds left[0m
[95m ......... 30% done, about 785 minutes 26 seconds left[0m
[95m ......... 37% done, about 696 minutes 10 seconds left[0m
[95m ......... 43% done, about 602 minutes 55 seconds left[0m
[95m ......... 49% done, about 520 minutes 9 seconds left[0m
[95m ......... 55% done, about 481 minutes 4 seconds left[0m
[95m ......... 61% done, about 365 minutes 51 seconds left[0m
[95m ......... 68% done, about 298 minutes 29 seconds left[0m
[95m ......... 74% done, about 229 minutes 56 seconds left[0m
[95m ......... 80% done, about 169 minutes 8 seconds left[0m
[95m ......... 86% done, about 110 minutes 22 seconds left[0m
[95m ......... 92% done, about 57 minutes 19 seconds left[0m
[95m ......... 98% done, about 7 minutes 52 seconds left[0m
[95m ......... 100% done, about 0 minutes 0 seconds left[0m
[92m_/ Matching was completed in 5241 seconds on each of 24 cores.[0m
[92mSummary:[0m
[92mLength	In pool	Foward	Reverse[0m
[92m15	1	0	0[0m
[92m16	1	0	0[0m
[92m17	23	0	0[0m
[92m18	50	1	1[0m
[92m19	1757	2	1[0m
[92m20	631	2	0[0m
[92m21	650	1	0[0m
[92m22	302641	68	62[0m
[92m23	452293	187	161[0m
[92m24	699828	243	215[0m
[92m25	459372	268	228[0m
[92m26	552561	187	166[0m
[92m27	905342	141	137[0m
[92m28	1357396	66	66[0m
[92m29	6514029	244	96[0m
[92m30	4742327	123	71[0m
[92m31	4286406	4	7[0m
[92m32	15999909	9	11[0m
[92m33	533331	0	0[0m
[92m34	114500	2	1[0m
[92m35	94642	1	1[0m
[92m36	90293	0	0[0m
[92m37	98188	0	0[0m
[92m38	122409	2	0[0m
[92m39	122033	0	0[0m
[92m40	131015	1	0[0m
[92m41	101332	0	0[0m
[92m42	112998	0	0[0m
[92m43	72952	0	0[0m
[92m44	82581	0	0[0m
[92m45	43415	0	0[0m
[92m46	45305	0	0[0m
[92m47	57014	1	0[0m
[92m48	85163	1	0[0m
[92m49	150501	6	4[0m
[92m50	424371	14	13[0m
[92m--------------[0m
[92mTotal:	38757260	1574	1241[0m
[93mSummary written to forward_matchings_IIIweekEV_S5_R1_001-TR.f_PSTVd_RG_tol1.txt and reverse_matchings_IIIweekEV_S5_R1_001-TR.f_PSTVd_RG_tol1.txt.[0m
