/var/spool/slurmd/job901970/slurm_script: line 8: cd: vbind/src/: No such file or directory
[93mMatching with 56624795 sRNA nucleotides and a PSTVd sequence of length 359. Maximum length of a nucleotide sequence is 50.[0m
[94mForward matchings:
[95m ......... 4% done, about 2751 minutes 30 seconds left[0m
[95m ......... 8% done, about 2556 minutes 11 seconds left[0m
[95m ......... 12% done, about 2301 minutes 9 seconds left[0m
[95m ......... 16% done, about 2108 minutes 52 seconds left[0m
[95m ......... 21% done, about 1939 minutes 41 seconds left[0m
[95m ......... 25% done, about 1785 minutes 13 seconds left[0m
[95m ......... 29% done, about 1621 minutes 47 seconds left[0m
[95m ......... 33% done, about 1468 minutes 8 seconds left[0m
[95m ......... 38% done, about 1318 minutes 54 seconds left[0m
[95m ......... 42% done, about 1209 minutes 4 seconds left[0m
[95m ......... 46% done, about 1082 minutes 51 seconds left[0m
[95m ......... 50% done, about 965 minutes 20 seconds left[0m
[95m ......... 55% done, about 866 minutes 28 seconds left[0m
[95m ......... 59% done, about 770 minutes 7 seconds left[0m
[95m ......... 63% done, about 666 minutes 31 seconds left[0m
[95m ......... 67% done, about 574 minutes 3 seconds left[0m
[95m ......... 72% done, about 484 minutes 41 seconds left[0m
[95m ......... 76% done, about 398 minutes 20 seconds left[0m
[95m ......... 80% done, about 319 minutes 29 seconds left[0m
[95m ......... 84% done, about 241 minutes 9 seconds left[0m
[95m ......... 89% done, about 168 minutes 11 seconds left[0m
[95m ......... 93% done, about 100 minutes 23 seconds left[0m
[95m ......... 97% done, about 35 minutes 43 seconds left[0m
[95m ......... 100% done, about 0 minutes 0 seconds left[0m
[94mReverse matchings:
[95m ......... 4% done, about 2420 minutes 59 seconds left[0m
[95m ......... 8% done, about 2257 minutes 6 seconds left[0m
[95m ......... 12% done, about 2112 minutes 50 seconds left[0m
[95m ......... 16% done, about 1970 minutes 16 seconds left[0m
[95m ......... 21% done, about 1827 minutes 14 seconds left[0m
[95m ......... 25% done, about 1719 minutes 7 seconds left[0m
[95m ......... 29% done, about 1570 minutes 25 seconds left[0m
[95m ......... 33% done, about 1436 minutes 25 seconds left[0m
[95m ......... 38% done, about 1318 minutes 4 seconds left[0m
[95m ......... 42% done, about 1194 minutes 2 seconds left[0m
[95m ......... 46% done, about 1086 minutes 25 seconds left[0m
[95m ......... 50% done, about 974 minutes 29 seconds left[0m
[95m ......... 55% done, about 869 minutes 17 seconds left[0m
[95m ......... 59% done, about 770 minutes 55 seconds left[0m
[95m ......... 63% done, about 668 minutes 23 seconds left[0m
[95m ......... 67% done, about 579 minutes 55 seconds left[0m
[95m ......... 72% done, about 490 minutes 35 seconds left[0m
[95m ......... 76% done, about 404 minutes 12 seconds left[0m
[95m ......... 80% done, about 317 minutes 49 seconds left[0m
[95m ......... 84% done, about 243 minutes 58 seconds left[0m
[95m ......... 89% done, about 167 minutes 30 seconds left[0m
[95m ......... 93% done, about 100 minutes 4 seconds left[0m
[95m ......... 97% done, about 35 minutes 40 seconds left[0m
[95m ......... 100% done, about 0 minutes 0 seconds left[0m
[92m_/ Matching was completed in 10126 seconds on each of 24 cores.[0m
[92mSummary:[0m
[92mLength	In pool	Foward	Reverse[0m
[92m16	3	0	0[0m
[92m17	33	0	0[0m
[92m18	59	0	0[0m
[92m19	2483	0	0[0m
[92m20	859	0	0[0m
[92m21	939	0	1[0m
[92m22	337985	13	18[0m
[92m23	569835	37	26[0m
[92m24	1157523	49	31[0m
[92m25	534350	49	21[0m
[92m26	719468	32	23[0m
[92m27	1372279	34	19[0m
[92m28	1843972	15	7[0m
[92m29	9826786	28	9[0m
[92m30	6941368	33	6[0m
[92m31	5164810	3	2[0m
[92m32	22701971	3	2[0m
[92m33	798007	2	1[0m
[92m34	167646	0	0[0m
[92m35	147396	0	0[0m
[92m36	144778	1	0[0m
[92m37	160009	1	0[0m
[92m38	205680	0	0[0m
[92m39	188472	0	0[0m
[92m40	271158	0	0[0m
[92m41	219687	0	0[0m
[92m42	302401	1	0[0m
[92m43	211204	0	0[0m
[92m44	219698	0	0[0m
[92m45	100480	0	0[0m
[92m46	110678	0	1[0m
[92m47	143764	0	0[0m
[92m48	261786	0	0[0m
[92m49	485969	2	1[0m
[92m50	1311259	4	4[0m
[92m--------------[0m
[92mTotal:	56624795	307	172[0m
[93mSummary written to forward_matchings_IIweekEV_S2_R1_001-TR.f_PSTVd_RG_tol1.txt and reverse_matchings_IIweekEV_S2_R1_001-TR.f_PSTVd_RG_tol1.txt.[0m
