[93mMatching with 68994541 sRNA nucleotides and a PSTVd sequence of length 359. Maximum length of a nucleotide sequence is 50.[0m
[94mForward matchings:
[95m ......... 3% done, about 3552 minutes 29 seconds left[0m
[95m ......... 6% done, about 3343 minutes 2 seconds left[0m
[95m ......... 10% done, about 3166 minutes 59 seconds left[0m
[95m ......... 13% done, about 2967 minutes 38 seconds left[0m
[95m ......... 17% done, about 2829 minutes 38 seconds left[0m
[95m ......... 20% done, about 2730 minutes 1 seconds left[0m
[95m ......... 24% done, about 2502 minutes 3 seconds left[0m
[95m ......... 27% done, about 2343 minutes 9 seconds left[0m
[95m ......... 31% done, about 2175 minutes 54 seconds left[0m
[95m ......... 34% done, about 2047 minutes 8 seconds left[0m
[95m ......... 38% done, about 1892 minutes 44 seconds left[0m
[95m ......... 41% done, about 1756 minutes 4 seconds left[0m
[95m ......... 45% done, about 1609 minutes 37 seconds left[0m
[95m ......... 48% done, about 1482 minutes 39 seconds left[0m
[95m ......... 52% done, about 1346 minutes 6 seconds left[0m
[95m ......... 55% done, about 1232 minutes 5 seconds left[0m
[95m ......... 59% done, about 1106 minutes 13 seconds left[0m
[95m ......... 62% done, about 993 minutes 15 seconds left[0m
[95m ......... 66% done, about 875 minutes 14 seconds left[0m
[95m ......... 69% done, about 774 minutes 46 seconds left[0m
[95m ......... 73% done, about 670 minutes 42 seconds left[0m
[95m ......... 76% done, about 564 minutes 9 seconds left[0m
[95m ......... 80% done, about 469 minutes 43 seconds left[0m
[95m ......... 83% done, about 376 minutes 35 seconds left[0m
[95m ......... 86% done, about 298 minutes 37 seconds left[0m
[95m ......... 90% done, about 207 minutes 14 seconds left[0m
[95m ......... 93% done, about 128 minutes 42 seconds left[0m
[95m ......... 97% done, about 54 minutes 17 seconds left[0m
[95m ......... 100% done, about 0 minutes 0 seconds left[0m
[94mReverse matchings:
[95m ......... 3% done, about 3501 minutes 38 seconds left[0m
[95m ......... 6% done, about 3326 minutes 28 seconds left[0m
[95m ......... 10% done, about 3165 minutes 34 seconds left[0m
[95m ......... 13% done, about 2978 minutes 26 seconds left[0m
[95m ......... 17% done, about 2840 minutes 6 seconds left[0m
[95m ......... 20% done, about 2641 minutes 6 seconds left[0m
[95m ......... 24% done, about 2476 minutes 24 seconds left[0m
[95m ......... 27% done, about 2335 minutes 13 seconds left[0m
[95m ......... 31% done, about 2219 minutes 20 seconds left[0m
[95m ......... 34% done, about 2086 minutes 29 seconds left[0m
[95m ......... 38% done, about 1884 minutes 49 seconds left[0m
[95m ......... 41% done, about 1748 minutes 35 seconds left[0m
[95m ......... 45% done, about 1608 minutes 52 seconds left[0m
[95m ......... 48% done, about 1480 minutes 2 seconds left[0m
[95m ......... 52% done, about 1347 minutes 17 seconds left[0m
[95m ......... 55% done, about 1228 minutes 30 seconds left[0m
[95m ......... 59% done, about 1101 minutes 40 seconds left[0m
[95m ......... 62% done, about 986 minutes 54 seconds left[0m
[95m ......... 66% done, about 896 minutes 30 seconds left[0m
[95m ......... 69% done, about 794 minutes 27 seconds left[0m
[95m ......... 73% done, about 671 minutes 1 seconds left[0m
[95m ......... 76% done, about 577 minutes 49 seconds left[0m
[95m ......... 80% done, about 472 minutes 26 seconds left[0m
[95m ......... 83% done, about 392 minutes 27 seconds left[0m
[95m ......... 86% done, about 290 minutes 42 seconds left[0m
[95m ......... 90% done, about 206 minutes 59 seconds left[0m
[95m ......... 93% done, about 127 minutes 30 seconds left[0m
[95m ......... 97% done, about 55 minutes 50 seconds left[0m
[95m ......... 100% done, about 0 minutes 0 seconds left[0m
[92m_/ Matching was completed in 14299 seconds on each of 24 cores.[0m
[92mSummary:[0m
[92mLength	In pool	Foward	Reverse[0m
[92m15	2	0	0[0m
[92m16	2	0	0[0m
[92m17	41	0	0[0m
[92m18	94	0	0[0m
[92m19	3092	3	1[0m
[92m20	1038	2	1[0m
[92m21	1110	0	3[0m
[92m22	656617	162	147[0m
[92m23	883109	374	348[0m
[92m24	1336380	562	511[0m
[92m25	1030053	523	467[0m
[92m26	963825	443	334[0m
[92m27	1509577	335	294[0m
[92m28	2300432	153	119[0m
[92m29	11449703	546	226[0m
[92m30	8058919	243	133[0m
[92m31	7427504	12	11[0m
[92m32	29251399	28	27[0m
[92m33	924179	0	1[0m
[92m34	172372	1	0[0m
[92m35	145568	1	1[0m
[92m36	146190	1	0[0m
[92m37	160492	0	0[0m
[92m38	218114	0	2[0m
[92m39	231465	0	0[0m
[92m40	242490	0	1[0m
[92m41	155247	0	0[0m
[92m42	154222	0	0[0m
[92m43	123293	0	0[0m
[92m44	152832	0	0[0m
[92m45	70824	1	1[0m
[92m46	74492	1	0[0m
[92m47	96645	2	0[0m
[92m48	148001	1	1[0m
[92m49	252140	3	2[0m
[92m50	653078	11	10[0m
[92m--------------[0m
[92mTotal:	68994541	3408	2641[0m
[93mSummary written to forward_matchings_IIIweekRDR_S6_R1_001-TR.f_PSTVd_RG_tol1.txt and reverse_matchings_IIIweekRDR_S6_R1_001-TR.f_PSTVd_RG_tol1.txt.[0m
