/var/spool/slurmd/job901972/slurm_script: line 8: cd: vbind/src: No such file or directory
[93mMatching with 108017177 sRNA nucleotides and a PSTVd sequence of length 359. Maximum length of a nucleotide sequence is 50.[0m
[94mForward matchings:
[95m ......... 2% done, about 8889 minutes 58 seconds left[0m
[95m ......... 4% done, about 8850 minutes 0 seconds left[0m
[95m ......... 6% done, about 8601 minutes 26 seconds left[0m
[95m ......... 8% done, about 8204 minutes 56 seconds left[0m
[95m ......... 11% done, about 7844 minutes 31 seconds left[0m
[95m ......... 13% done, about 7544 minutes 45 seconds left[0m
[95m ......... 15% done, about 7238 minutes 54 seconds left[0m
[95m ......... 17% done, about 6989 minutes 34 seconds left[0m
[95m ......... 20% done, about 6761 minutes 25 seconds left[0m
[95m ......... 22% done, about 6445 minutes 54 seconds left[0m
[95m ......... 24% done, about 6174 minutes 1 seconds left[0m
[95m ......... 26% done, about 5938 minutes 26 seconds left[0m
[95m ......... 28% done, about 5671 minutes 50 seconds left[0m
[95m ......... 31% done, about 5406 minutes 0 seconds left[0m
[95m ......... 33% done, about 5213 minutes 11 seconds left[0m
[95m ......... 35% done, about 5002 minutes 58 seconds left[0m
[95m ......... 37% done, about 4733 minutes 59 seconds left[0m
[95m ......... 40% done, about 4468 minutes 0 seconds left[0m
[95m ......... 42% done, about 4277 minutes 39 seconds left[0m
[95m ......... 44% done, about 3980 minutes 36 seconds left[0m
[95m ......... 46% done, about 3797 minutes 59 seconds left[0m
[95m ......... 48% done, about 3635 minutes 3 seconds left[0m
[95m ......... 51% done, about 3395 minutes 51 seconds left[0m
[95m ......... 53% done, about 3276 minutes 53 seconds left[0m
[95m ......... 55% done, about 3033 minutes 10 seconds left[0m
[95m ......... 57% done, about 2858 minutes 13 seconds left[0m
[95m ......... 60% done, about 2688 minutes 2 seconds left[0m
[95m ......... 62% done, about 2452 minutes 43 seconds left[0m
[95m ......... 64% done, about 2297 minutes 24 seconds left[0m
[95m ......... 66% done, about 2139 minutes 58 seconds left[0m
[95m ......... 68% done, about 1937 minutes 43 seconds left[0m
[95m ......... 71% done, about 1809 minutes 12 seconds left[0m
[95m ......... 73% done, about 1636 minutes 19 seconds left[0m
[95m ......... 75% done, about 1472 minutes 48 seconds left[0m
[95m ......... 77% done, about 1329 minutes 27 seconds left[0m
[95m ......... 80% done, about 1199 minutes 12 seconds left[0m
[95m ......... 82% done, about 1032 minutes 26 seconds left[0m
[95m ......... 84% done, about 898 minutes 6 seconds left[0m
[95m ......... 86% done, about 752 minutes 19 seconds left[0m
[95m ......... 88% done, about 621 minutes 48 seconds left[0m
[95m ......... 91% done, about 486 minutes 43 seconds left[0m
[95m ......... 93% done, about 360 minutes 57 seconds left[0m
[95m ......... 95% done, about 232 minutes 8 seconds left[0m
[95m ......... 97% done, about 113 minutes 57 seconds left[0m
[95m ......... 100% done, about 0 minutes 0 seconds left[0m
[94mReverse matchings:
[95m ......... 2% done, about 8328 minutes 51 seconds left[0m
[95m ......... 4% done, about 8292 minutes 23 seconds left[0m
[95m ......... 6% done, about 8153 minutes 25 seconds left[0m
[95m ......... 8% done, about 8091 minutes 20 seconds left[0m
[95m ......... 11% done, about 7895 minutes 18 seconds left[0m
[95m ......... 13% done, about 7652 minutes 4 seconds left[0m
[95m ......... 15% done, about 7315 minutes 45 seconds left[0m
[95m ......... 17% done, about 6931 minutes 30 seconds left[0m
[95m ......... 20% done, about 6718 minutes 2 seconds left[0m
[95m ......... 22% done, about 6380 minutes 13 seconds left[0m
[95m ......... 24% done, about 6208 minutes 24 seconds left[0m
[95m ......... 26% done, about 5914 minutes 29 seconds left[0m
[95m ......... 28% done, about 5699 minutes 27 seconds left[0m
[95m ......... 31% done, about 5525 minutes 46 seconds left[0m
[95m ......... 33% done, about 5292 minutes 55 seconds left[0m
[95m ......... 35% done, about 4968 minutes 55 seconds left[0m
[95m ......... 37% done, about 4826 minutes 20 seconds left[0m
[95m ......... 40% done, about 4534 minutes 21 seconds left[0m
[95m ......... 42% done, about 4330 minutes 37 seconds left[0m
[95m ......... 44% done, about 4141 minutes 56 seconds left[0m
[95m ......... 46% done, about 3929 minutes 14 seconds left[0m
[95m ......... 48% done, about 3663 minutes 30 seconds left[0m
[95m ......... 51% done, about 3500 minutes 58 seconds left[0m
[95m ......... 53% done, about 3300 minutes 24 seconds left[0m
[95m ......... 55% done, about 3116 minutes 53 seconds left[0m
[95m ......... 57% done, about 2952 minutes 48 seconds left[0m
[95m ......... 60% done, about 2715 minutes 30 seconds left[0m
[95m ......... 62% done, about 2550 minutes 9 seconds left[0m
[95m ......... 64% done, about 2372 minutes 16 seconds left[0m
[95m ......... 66% done, about 2213 minutes 37 seconds left[0m
[95m ......... 68% done, about 2013 minutes 35 seconds left[0m
[95m ......... 71% done, about 1820 minutes 34 seconds left[0m
[95m ......... 73% done, about 1681 minutes 16 seconds left[0m
[95m ......... 75% done, about 1520 minutes 14 seconds left[0m
[95m ......... 77% done, about 1360 minutes 22 seconds left[0m
[95m ......... 80% done, about 1203 minutes 22 seconds left[0m
[95m ......... 82% done, about 1065 minutes 56 seconds left[0m
[95m ......... 84% done, about 905 minutes 29 seconds left[0m
[95m ......... 86% done, about 765 minutes 12 seconds left[0m
[95m ......... 88% done, about 632 minutes 49 seconds left[0m
[95m ......... 91% done, about 496 minutes 18 seconds left[0m
[95m ......... 93% done, about 365 minutes 59 seconds left[0m
[95m ......... 95% done, about 243 minutes 49 seconds left[0m
[95m ......... 97% done, about 117 minutes 45 seconds left[0m
[95m ......... 100% done, about 0 minutes 0 seconds left[0m
[92m_/ Matching was completed in 35590 seconds on each of 24 cores.[0m
[92mSummary:[0m
[92mLength	In pool	Foward	Reverse[0m
[92m16	4	0	0[0m
[92m17	91	0	0[0m
[92m18	144	0	0[0m
[92m19	4840	0	0[0m
[92m20	1637	0	0[0m
[92m21	1751	0	0[0m
[92m22	870312	0	0[0m
[92m23	1197266	0	0[0m
[92m24	2641266	0	0[0m
[92m25	1189485	0	0[0m
[92m26	1580487	0	0[0m
[92m27	2808678	0	0[0m
[92m28	3988863	0	0[0m
[92m29	19995532	0	0[0m
[92m30	14230664	0	0[0m
[92m31	10973445	0	0[0m
[92m32	42762703	0	0[0m
[92m33	1449613	0	0[0m
[92m34	274712	0	0[0m
[92m35	220893	0	0[0m
[92m36	217573	0	0[0m
[92m37	218927	0	0[0m
[92m38	244148	0	0[0m
[92m39	246861	0	0[0m
[92m40	350061	0	0[0m
[92m41	242925	0	0[0m
[92m42	273098	0	0[0m
[92m43	167673	0	0[0m
[92m44	185401	0	0[0m
[92m45	93687	0	0[0m
[92m46	93359	0	0[0m
[92m47	116859	0	0[0m
[92m48	182271	0	0[0m
[92m49	313509	0	0[0m
[92m50	878439	0	0[0m
[92m--------------[0m
[92mTotal:	108017177	0	0[0m
[93mSummary written to forward_matchings_IIweekCtrl_S1_R1_001-TR.f_PSTVd_RG_tol1.txt and reverse_matchings_IIweekCtrl_S1_R1_001-TR.f_PSTVd_RG_tol1.txt.[0m
